{
  "stats": {
    "suites": 1,
    "tests": 3,
    "passes": 3,
    "pending": 0,
    "failures": 0,
    "start": "2023-12-19T19:59:34.971Z",
    "end": "2023-12-19T19:59:59.557Z",
    "duration": 24586,
    "testsRegistered": 3,
    "passPercent": 100,
    "pendingPercent": 0,
    "other": 0,
    "hasOther": false,
    "skipped": 0,
    "hasSkipped": false
  },
  "results": [
    {
      "uuid": "44fd9a0a-e9a1-43d1-ab53-00baac19585d",
      "title": "",
      "fullFile": "cypress\\e2e\\features\\demoblaze.feature",
      "file": "cypress\\e2e\\features\\demoblaze.feature",
      "beforeHooks": [],
      "afterHooks": [],
      "tests": [],
      "suites": [
        {
          "uuid": "e7785d6d-e7bc-4c04-afcd-ecc678440cf2",
          "title": "Demoblaze website automation",
          "fullFile": "",
          "file": "",
          "beforeHooks": [],
          "afterHooks": [],
          "tests": [
            {
              "title": "User registration",
              "fullTitle": "Demoblaze website automation User registration",
              "timedOut": null,
              "duration": 5884,
              "state": "passed",
              "speed": "medium",
              "pass": true,
              "fail": false,
              "pending": false,
              "context": null,
              "code": "const state = window.testState;\nreturn cy\n  .then(() => state.onStartScenario(scenario, indexedSteps))\n  .then(() =>\n    resolveAndRunBeforeHooks.call(this, scenario.tags, state.feature.name)\n  )\n  .then(() =>\n    indexedSteps.forEach((step) =>\n      stepTest.call(this, state, step, rowData)\n    )\n  )\n  .then(() => state.onFinishScenario(scenario));",
              "err": {},
              "uuid": "b00b86c9-137b-41c5-b108-46f8937edb21",
              "parentUUID": "e7785d6d-e7bc-4c04-afcd-ecc678440cf2",
              "isHook": false,
              "skipped": false
            },
            {
              "title": "User login",
              "fullTitle": "Demoblaze website automation User login",
              "timedOut": null,
              "duration": 6554,
              "state": "passed",
              "speed": "medium",
              "pass": true,
              "fail": false,
              "pending": false,
              "context": null,
              "code": "const state = window.testState;\nreturn cy\n  .then(() => state.onStartScenario(scenario, indexedSteps))\n  .then(() =>\n    resolveAndRunBeforeHooks.call(this, scenario.tags, state.feature.name)\n  )\n  .then(() =>\n    indexedSteps.forEach((step) =>\n      stepTest.call(this, state, step, rowData)\n    )\n  )\n  .then(() => state.onFinishScenario(scenario));",
              "err": {},
              "uuid": "640af1ec-1a10-47f7-8be5-86021bac74d8",
              "parentUUID": "e7785d6d-e7bc-4c04-afcd-ecc678440cf2",
              "isHook": false,
              "skipped": false
            },
            {
              "title": "Add a laptop to the shopping cart and verify",
              "fullTitle": "Demoblaze website automation Add a laptop to the shopping cart and verify",
              "timedOut": null,
              "duration": 9513,
              "state": "passed",
              "speed": "medium",
              "pass": true,
              "fail": false,
              "pending": false,
              "context": null,
              "code": "const state = window.testState;\nreturn cy\n  .then(() => state.onStartScenario(scenario, indexedSteps))\n  .then(() =>\n    resolveAndRunBeforeHooks.call(this, scenario.tags, state.feature.name)\n  )\n  .then(() =>\n    indexedSteps.forEach((step) =>\n      stepTest.call(this, state, step, rowData)\n    )\n  )\n  .then(() => state.onFinishScenario(scenario));",
              "err": {},
              "uuid": "185c40bc-0aa9-4707-864b-8dc9698364d6",
              "parentUUID": "e7785d6d-e7bc-4c04-afcd-ecc678440cf2",
              "isHook": false,
              "skipped": false
            }
          ],
          "suites": [],
          "passes": [
            "b00b86c9-137b-41c5-b108-46f8937edb21",
            "640af1ec-1a10-47f7-8be5-86021bac74d8",
            "185c40bc-0aa9-4707-864b-8dc9698364d6"
          ],
          "failures": [],
          "pending": [],
          "skipped": [],
          "duration": 21951,
          "root": false,
          "rootEmpty": false,
          "_timeout": 2000
        }
      ],
      "passes": [],
      "failures": [],
      "pending": [],
      "skipped": [],
      "duration": 0,
      "root": true,
      "rootEmpty": true,
      "_timeout": 2000
    }
  ],
  "meta": {
    "mocha": {
      "version": "7.0.1"
    },
    "mochawesome": {
      "options": {
        "quiet": false,
        "reportFilename": "mochawesome",
        "saveHtml": false,
        "saveJson": true,
        "consoleReporter": "spec",
        "useInlineDiffs": false,
        "code": true
      },
      "version": "7.1.3"
    },
    "marge": {
      "options": {
        "reportDir": "cypress/reports",
        "overwrite": false,
        "html": false,
        "json": true
      },
      "version": "6.2.0"
    }
  }
}